<?xml version="1.0" encoding="UTF-8"?>
<testng-results ignored="0" total="0" passed="0" failed="0" skipped="0">
  <reporter-output>
  </reporter-output>
  <suite started-at="2022-02-17T13:48:08 EST" name="com.techbee.testing.TestBase" finished-at="2022-02-17T13:48:08 EST" duration-ms="16">
    <groups>
    </groups>
    <test started-at="2022-02-17T13:48:08 EST" name="Command line test" finished-at="2022-02-17T13:48:08 EST" duration-ms="16">
    </test> <!-- Command line test -->
  </suite> <!-- com.techbee.testing.TestBase -->
</testng-results>
